<?xml version="1.0" encoding="UTF-8"?>
<!-- Generated by org.testng.reporters.JUnitReportReporter -->
<testsuite hostname="EC2AMAZ-1IC0RHB" failures="0" tests="5" name="testcase.LoginTestExcel" time="0.055" errors="0" timestamp="2025-07-11T05:32:43 UTC" skipped="0">
  <testcase classname="testcase.LoginTestExcel" name="loginTest" time="0.008"/>
  <system-out/>
  <testcase classname="testcase.LoginTestExcel" name="loginTest" time="0.004"/>
  <system-out/>
  <testcase classname="testcase.LoginTestExcel" name="loginTest" time="0.011"/>
  <system-out/>
  <testcase classname="testcase.LoginTestExcel" name="loginTest" time="0.008"/>
  <system-out/>
  <testcase classname="testcase.LoginTestExcel" name="loginTest" time="0.024"/>
  <system-out/>
</testsuite> <!-- testcase.LoginTestExcel -->
